<?xml version="1.0" encoding="UTF-8"?>
<testsuites>
    <testsuite name="searching-for-drug-locations;search-with-a-valid-address" tests="2" failures="0" skipped="0">
        <properties>
            <property name="URI" value="C:/Projects/wellrx-monitor/features/drug-search.feature">
            </property>
        </properties>
        <testcase name="When I search for &quot;LOSARTAN POTASSIUM&quot; at location &quot;85749&quot;" classname="searching-for-drug-locations;search-with-a-valid-address" time="5.959670701">
        </testcase>
        <testcase name="Then I should see results" classname="searching-for-drug-locations;search-with-a-valid-address" time="0.024300799">
        </testcase>
    </testsuite>
</testsuites>